2023-10-13T15:48:17.433+09:00  INFO 13304 --- [restartedMain] co.kr.lotteon.LotteonApplication         : Starting LotteonApplication using Java 17.0.8 with PID 13304 (C:\Users\Java\Desktop\test\lotteon\build\classes\java\main started by Java in C:\Users\Java\Desktop\test\lotteon)
2023-10-13T15:48:17.434+09:00  INFO 13304 --- [restartedMain] co.kr.lotteon.LotteonApplication         : No active profile set, falling back to 1 default profile: "default"
2023-10-13T15:48:17.463+09:00  INFO 13304 --- [restartedMain] .e.DevToolsPropertyDefaultsPostProcessor : Devtools property defaults active! Set 'spring.devtools.add-properties' to 'false' to disable
2023-10-13T15:48:17.463+09:00  INFO 13304 --- [restartedMain] .e.DevToolsPropertyDefaultsPostProcessor : For additional web related logging consider setting the 'logging.level.web' property to 'DEBUG'
2023-10-13T15:48:17.761+09:00  INFO 13304 --- [restartedMain] .s.d.r.c.RepositoryConfigurationDelegate : Bootstrapping Spring Data JPA repositories in DEFAULT mode.
2023-10-13T15:48:17.770+09:00  INFO 13304 --- [restartedMain] .s.d.r.c.RepositoryConfigurationDelegate : Finished Spring Data repository scanning in 5 ms. Found 0 JPA repository interfaces.
2023-10-13T15:48:18.062+09:00  INFO 13304 --- [restartedMain] o.s.b.w.embedded.tomcat.TomcatWebServer  : Tomcat initialized with port(s): 8080 (http)
2023-10-13T15:48:18.067+09:00  INFO 13304 --- [restartedMain] o.apache.catalina.core.StandardService   : Starting service [Tomcat]
2023-10-13T15:48:18.067+09:00  INFO 13304 --- [restartedMain] o.apache.catalina.core.StandardEngine    : Starting Servlet engine: [Apache Tomcat/10.1.13]
2023-10-13T15:48:18.097+09:00  INFO 13304 --- [restartedMain] o.a.c.c.C.[Tomcat].[localhost].[/]       : Initializing Spring embedded WebApplicationContext
2023-10-13T15:48:18.098+09:00  INFO 13304 --- [restartedMain] w.s.c.ServletWebServerApplicationContext : Root WebApplicationContext: initialization completed in 634 ms
2023-10-13T15:48:18.173+09:00  INFO 13304 --- [restartedMain] o.hibernate.jpa.internal.util.LogHelper  : HHH000204: Processing PersistenceUnitInfo [name: default]
2023-10-13T15:48:18.196+09:00  INFO 13304 --- [restartedMain] org.hibernate.Version                    : HHH000412: Hibernate ORM core version 6.2.9.Final
2023-10-13T15:48:18.197+09:00  INFO 13304 --- [restartedMain] org.hibernate.cfg.Environment            : HHH000406: Using bytecode reflection optimizer
2023-10-13T15:48:18.262+09:00  INFO 13304 --- [restartedMain] o.h.b.i.BytecodeProviderInitiator        : HHH000021: Bytecode provider name : bytebuddy
2023-10-13T15:48:18.332+09:00  INFO 13304 --- [restartedMain] o.s.o.j.p.SpringPersistenceUnitInfo      : No LoadTimeWeaver setup: ignoring JPA class transformer
2023-10-13T15:48:18.341+09:00  INFO 13304 --- [restartedMain] com.zaxxer.hikari.HikariDataSource       : HikariPool-1 - Starting...
2023-10-13T15:48:18.484+09:00  INFO 13304 --- [restartedMain] com.zaxxer.hikari.pool.HikariPool        : HikariPool-1 - Added connection com.mysql.cj.jdbc.ConnectionImpl@5d0cddf7
2023-10-13T15:48:18.485+09:00  INFO 13304 --- [restartedMain] com.zaxxer.hikari.HikariDataSource       : HikariPool-1 - Start completed.
2023-10-13T15:48:18.509+09:00  WARN 13304 --- [restartedMain] org.hibernate.orm.deprecation            : HHH90000026: MySQL57Dialect has been deprecated; use org.hibernate.dialect.MySQLDialect instead
2023-10-13T15:48:18.555+09:00  INFO 13304 --- [restartedMain] o.h.b.i.BytecodeProviderInitiator        : HHH000021: Bytecode provider name : bytebuddy
2023-10-13T15:48:18.666+09:00  INFO 13304 --- [restartedMain] o.h.e.t.j.p.i.JtaPlatformInitiator       : HHH000490: Using JtaPlatform implementation: [org.hibernate.engine.transaction.jta.platform.internal.NoJtaPlatform]
2023-10-13T15:48:18.669+09:00  INFO 13304 --- [restartedMain] j.LocalContainerEntityManagerFactoryBean : Initialized JPA EntityManagerFactory for persistence unit 'default'
2023-10-13T15:48:18.692+09:00  WARN 13304 --- [restartedMain] JpaBaseConfiguration$JpaWebConfiguration : spring.jpa.open-in-view is enabled by default. Therefore, database queries may be performed during view rendering. Explicitly configure spring.jpa.open-in-view to disable this warning
2023-10-13T15:48:18.935+09:00  INFO 13304 --- [restartedMain] o.s.s.web.DefaultSecurityFilterChain     : Will secure any request with [org.springframework.security.web.session.DisableEncodeUrlFilter@6e7e507c, org.springframework.security.web.context.request.async.WebAsyncManagerIntegrationFilter@1ffecac5, org.springframework.security.web.context.SecurityContextHolderFilter@5b47ca06, org.springframework.security.web.header.HeaderWriterFilter@55fe528f, org.springframework.security.web.csrf.CsrfFilter@a03fd7e, org.springframework.security.web.authentication.logout.LogoutFilter@257c5dcd, org.springframework.security.web.authentication.UsernamePasswordAuthenticationFilter@7fccea7e, org.springframework.security.web.authentication.ui.DefaultLoginPageGeneratingFilter@2050ff56, org.springframework.security.web.authentication.ui.DefaultLogoutPageGeneratingFilter@17d05c04, org.springframework.security.web.authentication.www.BasicAuthenticationFilter@7a417600, org.springframework.security.web.savedrequest.RequestCacheAwareFilter@309f0cef, org.springframework.security.web.servletapi.SecurityContextHolderAwareRequestFilter@74fe5b7b, org.springframework.security.web.authentication.AnonymousAuthenticationFilter@198553ea, org.springframework.security.web.access.ExceptionTranslationFilter@67d23d6e, org.springframework.security.web.access.intercept.AuthorizationFilter@741eb9a5]
2023-10-13T15:48:18.957+09:00  INFO 13304 --- [restartedMain] o.s.b.d.a.OptionalLiveReloadServer       : LiveReload server is running on port 35729
2023-10-13T15:48:18.973+09:00  INFO 13304 --- [restartedMain] o.s.b.w.embedded.tomcat.TomcatWebServer  : Tomcat started on port(s): 8080 (http) with context path ''
2023-10-13T15:48:18.978+09:00  INFO 13304 --- [restartedMain] co.kr.lotteon.LotteonApplication         : Started LotteonApplication in 1.745 seconds (process running for 2.018)
2023-10-13T15:48:44.318+09:00  INFO 13304 --- [SpringApplicationShutdownHook] j.LocalContainerEntityManagerFactoryBean : Closing JPA EntityManagerFactory for persistence unit 'default'
2023-10-13T15:48:44.320+09:00  INFO 13304 --- [SpringApplicationShutdownHook] com.zaxxer.hikari.HikariDataSource       : HikariPool-1 - Shutdown initiated...
2023-10-13T15:48:44.325+09:00  INFO 13304 --- [SpringApplicationShutdownHook] com.zaxxer.hikari.HikariDataSource       : HikariPool-1 - Shutdown completed.
2023-10-13T15:48:45.654+09:00  INFO 18076 --- [restartedMain] co.kr.lotteon.LotteonApplication         : Starting LotteonApplication using Java 17.0.8 with PID 18076 (C:\Users\Java\Desktop\test\lotteon\build\classes\java\main started by Java in C:\Users\Java\Desktop\test\lotteon)
2023-10-13T15:48:45.655+09:00  INFO 18076 --- [restartedMain] co.kr.lotteon.LotteonApplication         : No active profile set, falling back to 1 default profile: "default"
2023-10-13T15:48:45.677+09:00  INFO 18076 --- [restartedMain] .e.DevToolsPropertyDefaultsPostProcessor : Devtools property defaults active! Set 'spring.devtools.add-properties' to 'false' to disable
2023-10-13T15:48:45.677+09:00  INFO 18076 --- [restartedMain] .e.DevToolsPropertyDefaultsPostProcessor : For additional web related logging consider setting the 'logging.level.web' property to 'DEBUG'
2023-10-13T15:48:46.128+09:00  INFO 18076 --- [restartedMain] .s.d.r.c.RepositoryConfigurationDelegate : Bootstrapping Spring Data JPA repositories in DEFAULT mode.
2023-10-13T15:48:46.144+09:00  INFO 18076 --- [restartedMain] .s.d.r.c.RepositoryConfigurationDelegate : Finished Spring Data repository scanning in 11 ms. Found 0 JPA repository interfaces.
2023-10-13T15:48:46.447+09:00  INFO 18076 --- [restartedMain] o.s.b.w.embedded.tomcat.TomcatWebServer  : Tomcat initialized with port(s): 8080 (http)
2023-10-13T15:48:46.452+09:00  INFO 18076 --- [restartedMain] o.apache.catalina.core.StandardService   : Starting service [Tomcat]
2023-10-13T15:48:46.452+09:00  INFO 18076 --- [restartedMain] o.apache.catalina.core.StandardEngine    : Starting Servlet engine: [Apache Tomcat/10.1.13]
2023-10-13T15:48:46.481+09:00  INFO 18076 --- [restartedMain] o.a.c.c.C.[Tomcat].[localhost].[/]       : Initializing Spring embedded WebApplicationContext
2023-10-13T15:48:46.481+09:00  INFO 18076 --- [restartedMain] w.s.c.ServletWebServerApplicationContext : Root WebApplicationContext: initialization completed in 804 ms
2023-10-13T15:48:46.555+09:00  INFO 18076 --- [restartedMain] o.hibernate.jpa.internal.util.LogHelper  : HHH000204: Processing PersistenceUnitInfo [name: default]
2023-10-13T15:48:46.579+09:00  INFO 18076 --- [restartedMain] org.hibernate.Version                    : HHH000412: Hibernate ORM core version 6.2.9.Final
2023-10-13T15:48:46.580+09:00  INFO 18076 --- [restartedMain] org.hibernate.cfg.Environment            : HHH000406: Using bytecode reflection optimizer
2023-10-13T15:48:46.647+09:00  INFO 18076 --- [restartedMain] o.h.b.i.BytecodeProviderInitiator        : HHH000021: Bytecode provider name : bytebuddy
2023-10-13T15:48:46.716+09:00  INFO 18076 --- [restartedMain] o.s.o.j.p.SpringPersistenceUnitInfo      : No LoadTimeWeaver setup: ignoring JPA class transformer
2023-10-13T15:48:46.725+09:00  INFO 18076 --- [restartedMain] com.zaxxer.hikari.HikariDataSource       : HikariPool-1 - Starting...
2023-10-13T15:48:46.867+09:00  INFO 18076 --- [restartedMain] com.zaxxer.hikari.pool.HikariPool        : HikariPool-1 - Added connection com.mysql.cj.jdbc.ConnectionImpl@12912dac
2023-10-13T15:48:46.868+09:00  INFO 18076 --- [restartedMain] com.zaxxer.hikari.HikariDataSource       : HikariPool-1 - Start completed.
2023-10-13T15:48:46.891+09:00  WARN 18076 --- [restartedMain] org.hibernate.orm.deprecation            : HHH90000026: MySQL57Dialect has been deprecated; use org.hibernate.dialect.MySQLDialect instead
2023-10-13T15:48:46.936+09:00  INFO 18076 --- [restartedMain] o.h.b.i.BytecodeProviderInitiator        : HHH000021: Bytecode provider name : bytebuddy
2023-10-13T15:48:47.050+09:00  INFO 18076 --- [restartedMain] o.h.e.t.j.p.i.JtaPlatformInitiator       : HHH000490: Using JtaPlatform implementation: [org.hibernate.engine.transaction.jta.platform.internal.NoJtaPlatform]
2023-10-13T15:48:47.053+09:00  INFO 18076 --- [restartedMain] j.LocalContainerEntityManagerFactoryBean : Initialized JPA EntityManagerFactory for persistence unit 'default'
2023-10-13T15:48:47.074+09:00  WARN 18076 --- [restartedMain] JpaBaseConfiguration$JpaWebConfiguration : spring.jpa.open-in-view is enabled by default. Therefore, database queries may be performed during view rendering. Explicitly configure spring.jpa.open-in-view to disable this warning
2023-10-13T15:48:47.159+09:00  INFO 18076 --- [restartedMain] o.s.b.a.w.s.WelcomePageHandlerMapping    : Adding welcome page template: index
2023-10-13T15:48:47.317+09:00  INFO 18076 --- [restartedMain] o.s.s.web.DefaultSecurityFilterChain     : Will secure any request with [org.springframework.security.web.session.DisableEncodeUrlFilter@2701caf7, org.springframework.security.web.context.request.async.WebAsyncManagerIntegrationFilter@6d69fdff, org.springframework.security.web.context.SecurityContextHolderFilter@6fa1ba45, org.springframework.security.web.header.HeaderWriterFilter@51c7fe37, org.springframework.security.web.csrf.CsrfFilter@5b47ca06, org.springframework.security.web.authentication.logout.LogoutFilter@44694642, org.springframework.security.web.authentication.UsernamePasswordAuthenticationFilter@29df9394, org.springframework.security.web.authentication.ui.DefaultLoginPageGeneratingFilter@13856dbb, org.springframework.security.web.authentication.ui.DefaultLogoutPageGeneratingFilter@75f2271, org.springframework.security.web.authentication.www.BasicAuthenticationFilter@695979, org.springframework.security.web.savedrequest.RequestCacheAwareFilter@5b4f914f, org.springframework.security.web.servletapi.SecurityContextHolderAwareRequestFilter@fbe2181, org.springframework.security.web.authentication.AnonymousAuthenticationFilter@6f52efcd, org.springframework.security.web.access.ExceptionTranslationFilter@1992edab, org.springframework.security.web.access.intercept.AuthorizationFilter@6f802846]
2023-10-13T15:48:47.344+09:00  INFO 18076 --- [restartedMain] o.s.b.d.a.OptionalLiveReloadServer       : LiveReload server is running on port 35729
2023-10-13T15:48:47.360+09:00  INFO 18076 --- [restartedMain] o.s.b.w.embedded.tomcat.TomcatWebServer  : Tomcat started on port(s): 8080 (http) with context path ''
2023-10-13T15:48:47.365+09:00  INFO 18076 --- [restartedMain] co.kr.lotteon.LotteonApplication         : Started LotteonApplication in 1.914 seconds (process running for 2.206)
2023-10-13T15:48:54.434+09:00  INFO 18076 --- [http-nio-8080-exec-1] o.a.c.c.C.[Tomcat].[localhost].[/]       : Initializing Spring DispatcherServlet 'dispatcherServlet'
2023-10-13T15:48:54.435+09:00  INFO 18076 --- [http-nio-8080-exec-1] o.s.web.servlet.DispatcherServlet        : Initializing Servlet 'dispatcherServlet'
2023-10-13T15:48:54.435+09:00  INFO 18076 --- [http-nio-8080-exec-1] o.s.web.servlet.DispatcherServlet        : Completed initialization in 0 ms
2023-10-13T15:50:23.532+09:00  INFO 18076 --- [File Watcher] rtingClassPathChangeChangedEventListener : Restarting due to 2 class path changes (0 additions, 1 deletion, 1 modification)
2023-10-13T15:50:23.540+09:00  INFO 18076 --- [Thread-5] o.apache.catalina.core.StandardService   : Stopping service [Tomcat]
2023-10-13T15:50:23.541+09:00  INFO 18076 --- [Thread-5] o.a.c.c.C.[Tomcat].[localhost].[/]       : Destroying Spring FrameworkServlet 'dispatcherServlet'
2023-10-13T15:50:23.553+09:00  INFO 18076 --- [Thread-5] j.LocalContainerEntityManagerFactoryBean : Closing JPA EntityManagerFactory for persistence unit 'default'
2023-10-13T15:50:23.555+09:00  INFO 18076 --- [Thread-5] com.zaxxer.hikari.HikariDataSource       : HikariPool-1 - Shutdown initiated...
2023-10-13T15:50:23.561+09:00  INFO 18076 --- [Thread-5] com.zaxxer.hikari.HikariDataSource       : HikariPool-1 - Shutdown completed.
2023-10-13T15:50:23.603+09:00  INFO 18076 --- [restartedMain] co.kr.lotteon.LotteonApplication         : Starting LotteonApplication using Java 17.0.8 with PID 18076 (C:\Users\Java\Desktop\test\lotteon\build\classes\java\main started by Java in C:\Users\Java\Desktop\test\lotteon)
2023-10-13T15:50:23.603+09:00  INFO 18076 --- [restartedMain] co.kr.lotteon.LotteonApplication         : No active profile set, falling back to 1 default profile: "default"
2023-10-13T15:50:23.679+09:00  INFO 18076 --- [restartedMain] .s.d.r.c.RepositoryConfigurationDelegate : Bootstrapping Spring Data JPA repositories in DEFAULT mode.
2023-10-13T15:50:23.680+09:00  INFO 18076 --- [restartedMain] .s.d.r.c.RepositoryConfigurationDelegate : Finished Spring Data repository scanning in 0 ms. Found 0 JPA repository interfaces.
2023-10-13T15:50:23.716+09:00  INFO 18076 --- [restartedMain] o.s.b.w.embedded.tomcat.TomcatWebServer  : Tomcat initialized with port(s): 8080 (http)
2023-10-13T15:50:23.716+09:00  INFO 18076 --- [restartedMain] o.apache.catalina.core.StandardService   : Starting service [Tomcat]
2023-10-13T15:50:23.716+09:00  INFO 18076 --- [restartedMain] o.apache.catalina.core.StandardEngine    : Starting Servlet engine: [Apache Tomcat/10.1.13]
2023-10-13T15:50:23.724+09:00  INFO 18076 --- [restartedMain] o.a.c.c.C.[Tomcat].[localhost].[/]       : Initializing Spring embedded WebApplicationContext
2023-10-13T15:50:23.724+09:00  INFO 18076 --- [restartedMain] w.s.c.ServletWebServerApplicationContext : Root WebApplicationContext: initialization completed in 120 ms
2023-10-13T15:50:23.742+09:00  INFO 18076 --- [restartedMain] o.hibernate.jpa.internal.util.LogHelper  : HHH000204: Processing PersistenceUnitInfo [name: default]
2023-10-13T15:50:23.745+09:00  INFO 18076 --- [restartedMain] o.h.b.i.BytecodeProviderInitiator        : HHH000021: Bytecode provider name : bytebuddy
2023-10-13T15:50:23.746+09:00  INFO 18076 --- [restartedMain] o.s.o.j.p.SpringPersistenceUnitInfo      : No LoadTimeWeaver setup: ignoring JPA class transformer
2023-10-13T15:50:23.746+09:00  INFO 18076 --- [restartedMain] com.zaxxer.hikari.HikariDataSource       : HikariPool-2 - Starting...
2023-10-13T15:50:23.753+09:00  INFO 18076 --- [restartedMain] com.zaxxer.hikari.pool.HikariPool        : HikariPool-2 - Added connection com.mysql.cj.jdbc.ConnectionImpl@29fba0b
2023-10-13T15:50:23.753+09:00  INFO 18076 --- [restartedMain] com.zaxxer.hikari.HikariDataSource       : HikariPool-2 - Start completed.
2023-10-13T15:50:23.753+09:00  WARN 18076 --- [restartedMain] org.hibernate.orm.deprecation            : HHH90000026: MySQL57Dialect has been deprecated; use org.hibernate.dialect.MySQLDialect instead
2023-10-13T15:50:23.755+09:00  INFO 18076 --- [restartedMain] o.h.b.i.BytecodeProviderInitiator        : HHH000021: Bytecode provider name : bytebuddy
2023-10-13T15:50:23.757+09:00  INFO 18076 --- [restartedMain] o.h.e.t.j.p.i.JtaPlatformInitiator       : HHH000490: Using JtaPlatform implementation: [org.hibernate.engine.transaction.jta.platform.internal.NoJtaPlatform]
2023-10-13T15:50:23.757+09:00  INFO 18076 --- [restartedMain] j.LocalContainerEntityManagerFactoryBean : Initialized JPA EntityManagerFactory for persistence unit 'default'
2023-10-13T15:50:23.765+09:00  WARN 18076 --- [restartedMain] JpaBaseConfiguration$JpaWebConfiguration : spring.jpa.open-in-view is enabled by default. Therefore, database queries may be performed during view rendering. Explicitly configure spring.jpa.open-in-view to disable this warning
2023-10-13T15:50:23.811+09:00  INFO 18076 --- [restartedMain] o.s.s.web.DefaultSecurityFilterChain     : Will secure any request with [org.springframework.security.web.session.DisableEncodeUrlFilter@12473319, org.springframework.security.web.context.request.async.WebAsyncManagerIntegrationFilter@3a4b6afe, org.springframework.security.web.context.SecurityContextHolderFilter@403663b, org.springframework.security.web.header.HeaderWriterFilter@49d6d073, org.springframework.security.web.csrf.CsrfFilter@7e8eb578, org.springframework.security.web.authentication.logout.LogoutFilter@7044ba23, org.springframework.security.web.authentication.UsernamePasswordAuthenticationFilter@1815eee9, org.springframework.security.web.authentication.ui.DefaultLoginPageGeneratingFilter@917ab73, org.springframework.security.web.authentication.ui.DefaultLogoutPageGeneratingFilter@d9ea9f8, org.springframework.security.web.authentication.www.BasicAuthenticationFilter@4dd5da6a, org.springframework.security.web.savedrequest.RequestCacheAwareFilter@f2d26b6, org.springframework.security.web.servletapi.SecurityContextHolderAwareRequestFilter@763db88f, org.springframework.security.web.authentication.AnonymousAuthenticationFilter@6e7b34ab, org.springframework.security.web.access.ExceptionTranslationFilter@1c5cb6ba, org.springframework.security.web.access.intercept.AuthorizationFilter@5fdeef40]
2023-10-13T15:50:23.815+09:00  INFO 18076 --- [restartedMain] o.s.b.d.a.OptionalLiveReloadServer       : LiveReload server is running on port 35729
2023-10-13T15:50:23.819+09:00  INFO 18076 --- [restartedMain] o.s.b.w.embedded.tomcat.TomcatWebServer  : Tomcat started on port(s): 8080 (http) with context path ''
2023-10-13T15:50:23.821+09:00  INFO 18076 --- [restartedMain] co.kr.lotteon.LotteonApplication         : Started LotteonApplication in 0.231 seconds (process running for 98.662)
2023-10-13T15:50:23.822+09:00  INFO 18076 --- [restartedMain] .ConditionEvaluationDeltaLoggingListener : Condition evaluation unchanged
2023-10-13T15:50:46.635+09:00  INFO 18076 --- [File Watcher] rtingClassPathChangeChangedEventListener : Restarting due to 65 class path changes (64 additions, 0 deletions, 1 modification)
2023-10-13T15:50:46.638+09:00  INFO 18076 --- [Thread-7] o.apache.catalina.core.StandardService   : Stopping service [Tomcat]
2023-10-13T15:50:46.640+09:00  INFO 18076 --- [Thread-7] j.LocalContainerEntityManagerFactoryBean : Closing JPA EntityManagerFactory for persistence unit 'default'
2023-10-13T15:50:46.641+09:00  INFO 18076 --- [Thread-7] com.zaxxer.hikari.HikariDataSource       : HikariPool-2 - Shutdown initiated...
2023-10-13T15:50:46.643+09:00  INFO 18076 --- [Thread-7] com.zaxxer.hikari.HikariDataSource       : HikariPool-2 - Shutdown completed.
2023-10-13T15:50:46.682+09:00  INFO 18076 --- [restartedMain] co.kr.lotteon.LotteonApplication         : Starting LotteonApplication using Java 17.0.8 with PID 18076 (C:\Users\Java\Desktop\test\lotteon\build\classes\java\main started by Java in C:\Users\Java\Desktop\test\lotteon)
2023-10-13T15:50:46.682+09:00  INFO 18076 --- [restartedMain] co.kr.lotteon.LotteonApplication         : No active profile set, falling back to 1 default profile: "default"
2023-10-13T15:50:46.758+09:00  INFO 18076 --- [restartedMain] .s.d.r.c.RepositoryConfigurationDelegate : Bootstrapping Spring Data JPA repositories in DEFAULT mode.
2023-10-13T15:50:46.759+09:00  INFO 18076 --- [restartedMain] .s.d.r.c.RepositoryConfigurationDelegate : Finished Spring Data repository scanning in 0 ms. Found 0 JPA repository interfaces.
2023-10-13T15:50:46.796+09:00  INFO 18076 --- [restartedMain] o.s.b.w.embedded.tomcat.TomcatWebServer  : Tomcat initialized with port(s): 8080 (http)
2023-10-13T15:50:46.796+09:00  INFO 18076 --- [restartedMain] o.apache.catalina.core.StandardService   : Starting service [Tomcat]
2023-10-13T15:50:46.796+09:00  INFO 18076 --- [restartedMain] o.apache.catalina.core.StandardEngine    : Starting Servlet engine: [Apache Tomcat/10.1.13]
2023-10-13T15:50:46.804+09:00  INFO 18076 --- [restartedMain] o.a.c.c.C.[Tomcat].[localhost].[/]       : Initializing Spring embedded WebApplicationContext
2023-10-13T15:50:46.804+09:00  INFO 18076 --- [restartedMain] w.s.c.ServletWebServerApplicationContext : Root WebApplicationContext: initialization completed in 121 ms
2023-10-13T15:50:46.819+09:00  INFO 18076 --- [restartedMain] o.hibernate.jpa.internal.util.LogHelper  : HHH000204: Processing PersistenceUnitInfo [name: default]
2023-10-13T15:50:46.823+09:00  INFO 18076 --- [restartedMain] o.h.b.i.BytecodeProviderInitiator        : HHH000021: Bytecode provider name : bytebuddy
2023-10-13T15:50:46.824+09:00  INFO 18076 --- [restartedMain] o.s.o.j.p.SpringPersistenceUnitInfo      : No LoadTimeWeaver setup: ignoring JPA class transformer
2023-10-13T15:50:46.824+09:00  INFO 18076 --- [restartedMain] com.zaxxer.hikari.HikariDataSource       : HikariPool-3 - Starting...
2023-10-13T15:50:46.830+09:00  INFO 18076 --- [restartedMain] com.zaxxer.hikari.pool.HikariPool        : HikariPool-3 - Added connection com.mysql.cj.jdbc.ConnectionImpl@5a7189cb
2023-10-13T15:50:46.831+09:00  INFO 18076 --- [restartedMain] com.zaxxer.hikari.HikariDataSource       : HikariPool-3 - Start completed.
2023-10-13T15:50:46.831+09:00  WARN 18076 --- [restartedMain] org.hibernate.orm.deprecation            : HHH90000026: MySQL57Dialect has been deprecated; use org.hibernate.dialect.MySQLDialect instead
2023-10-13T15:50:46.833+09:00  INFO 18076 --- [restartedMain] o.h.b.i.BytecodeProviderInitiator        : HHH000021: Bytecode provider name : bytebuddy
2023-10-13T15:50:46.835+09:00  INFO 18076 --- [restartedMain] o.h.e.t.j.p.i.JtaPlatformInitiator       : HHH000490: Using JtaPlatform implementation: [org.hibernate.engine.transaction.jta.platform.internal.NoJtaPlatform]
2023-10-13T15:50:46.835+09:00  INFO 18076 --- [restartedMain] j.LocalContainerEntityManagerFactoryBean : Initialized JPA EntityManagerFactory for persistence unit 'default'
2023-10-13T15:50:46.843+09:00  WARN 18076 --- [restartedMain] JpaBaseConfiguration$JpaWebConfiguration : spring.jpa.open-in-view is enabled by default. Therefore, database queries may be performed during view rendering. Explicitly configure spring.jpa.open-in-view to disable this warning
2023-10-13T15:50:46.859+09:00  INFO 18076 --- [restartedMain] o.s.b.a.w.s.WelcomePageHandlerMapping    : Adding welcome page template: index
2023-10-13T15:50:46.891+09:00  INFO 18076 --- [restartedMain] o.s.s.web.DefaultSecurityFilterChain     : Will secure any request with [org.springframework.security.web.session.DisableEncodeUrlFilter@151dd2b, org.springframework.security.web.context.request.async.WebAsyncManagerIntegrationFilter@f3dda16, org.springframework.security.web.context.SecurityContextHolderFilter@4aba38cb, org.springframework.security.web.header.HeaderWriterFilter@14e652a0, org.springframework.security.web.csrf.CsrfFilter@4e9d0ee2, org.springframework.security.web.authentication.logout.LogoutFilter@4e35b735, org.springframework.security.web.authentication.UsernamePasswordAuthenticationFilter@4416bac0, org.springframework.security.web.authentication.ui.DefaultLoginPageGeneratingFilter@fd52047, org.springframework.security.web.authentication.ui.DefaultLogoutPageGeneratingFilter@7e0ca18b, org.springframework.security.web.authentication.www.BasicAuthenticationFilter@27792168, org.springframework.security.web.savedrequest.RequestCacheAwareFilter@6cf6d560, org.springframework.security.web.servletapi.SecurityContextHolderAwareRequestFilter@29000495, org.springframework.security.web.authentication.AnonymousAuthenticationFilter@1010ad43, org.springframework.security.web.access.ExceptionTranslationFilter@1fcb4f04, org.springframework.security.web.access.intercept.AuthorizationFilter@41c9f572]
2023-10-13T15:50:46.894+09:00  INFO 18076 --- [restartedMain] o.s.b.d.a.OptionalLiveReloadServer       : LiveReload server is running on port 35729
2023-10-13T15:50:46.899+09:00  INFO 18076 --- [restartedMain] o.s.b.w.embedded.tomcat.TomcatWebServer  : Tomcat started on port(s): 8080 (http) with context path ''
2023-10-13T15:50:46.901+09:00  INFO 18076 --- [restartedMain] co.kr.lotteon.LotteonApplication         : Started LotteonApplication in 0.231 seconds (process running for 121.741)
2023-10-13T15:50:46.902+09:00  INFO 18076 --- [restartedMain] .ConditionEvaluationDeltaLoggingListener : Condition evaluation unchanged
2023-10-13T15:51:34.626+09:00  INFO 18076 --- [File Watcher] rtingClassPathChangeChangedEventListener : Restarting due to 90 class path changes (25 additions, 0 deletions, 65 modifications)
2023-10-13T15:51:34.632+09:00  INFO 18076 --- [Thread-11] o.apache.catalina.core.StandardService   : Stopping service [Tomcat]
2023-10-13T15:51:34.635+09:00  INFO 18076 --- [Thread-11] j.LocalContainerEntityManagerFactoryBean : Closing JPA EntityManagerFactory for persistence unit 'default'
2023-10-13T15:51:34.636+09:00  INFO 18076 --- [Thread-11] com.zaxxer.hikari.HikariDataSource       : HikariPool-3 - Shutdown initiated...
2023-10-13T15:51:34.639+09:00  INFO 18076 --- [Thread-11] com.zaxxer.hikari.HikariDataSource       : HikariPool-3 - Shutdown completed.
2023-10-13T15:51:34.677+09:00  INFO 18076 --- [restartedMain] co.kr.lotteon.LotteonApplication         : Starting LotteonApplication using Java 17.0.8 with PID 18076 (C:\Users\Java\Desktop\test\lotteon\build\classes\java\main started by Java in C:\Users\Java\Desktop\test\lotteon)
2023-10-13T15:51:34.678+09:00  INFO 18076 --- [restartedMain] co.kr.lotteon.LotteonApplication         : No active profile set, falling back to 1 default profile: "default"
2023-10-13T15:51:34.747+09:00  INFO 18076 --- [restartedMain] .s.d.r.c.RepositoryConfigurationDelegate : Bootstrapping Spring Data JPA repositories in DEFAULT mode.
2023-10-13T15:51:34.748+09:00  INFO 18076 --- [restartedMain] .s.d.r.c.RepositoryConfigurationDelegate : Finished Spring Data repository scanning in 0 ms. Found 0 JPA repository interfaces.
2023-10-13T15:51:34.781+09:00  INFO 18076 --- [restartedMain] o.s.b.w.embedded.tomcat.TomcatWebServer  : Tomcat initialized with port(s): 8080 (http)
2023-10-13T15:51:34.781+09:00  INFO 18076 --- [restartedMain] o.apache.catalina.core.StandardService   : Starting service [Tomcat]
2023-10-13T15:51:34.781+09:00  INFO 18076 --- [restartedMain] o.apache.catalina.core.StandardEngine    : Starting Servlet engine: [Apache Tomcat/10.1.13]
2023-10-13T15:51:34.789+09:00  INFO 18076 --- [restartedMain] o.a.c.c.C.[Tomcat].[localhost].[/]       : Initializing Spring embedded WebApplicationContext
2023-10-13T15:51:34.789+09:00  INFO 18076 --- [restartedMain] w.s.c.ServletWebServerApplicationContext : Root WebApplicationContext: initialization completed in 110 ms
2023-10-13T15:51:34.807+09:00  INFO 18076 --- [restartedMain] o.hibernate.jpa.internal.util.LogHelper  : HHH000204: Processing PersistenceUnitInfo [name: default]
2023-10-13T15:51:34.810+09:00  INFO 18076 --- [restartedMain] o.h.b.i.BytecodeProviderInitiator        : HHH000021: Bytecode provider name : bytebuddy
2023-10-13T15:51:34.811+09:00  INFO 18076 --- [restartedMain] o.s.o.j.p.SpringPersistenceUnitInfo      : No LoadTimeWeaver setup: ignoring JPA class transformer
2023-10-13T15:51:34.811+09:00  INFO 18076 --- [restartedMain] com.zaxxer.hikari.HikariDataSource       : HikariPool-4 - Starting...
2023-10-13T15:51:34.817+09:00  INFO 18076 --- [restartedMain] com.zaxxer.hikari.pool.HikariPool        : HikariPool-4 - Added connection com.mysql.cj.jdbc.ConnectionImpl@231af9d0
2023-10-13T15:51:34.817+09:00  INFO 18076 --- [restartedMain] com.zaxxer.hikari.HikariDataSource       : HikariPool-4 - Start completed.
2023-10-13T15:51:34.818+09:00  WARN 18076 --- [restartedMain] org.hibernate.orm.deprecation            : HHH90000026: MySQL57Dialect has been deprecated; use org.hibernate.dialect.MySQLDialect instead
2023-10-13T15:51:34.819+09:00  INFO 18076 --- [restartedMain] o.h.b.i.BytecodeProviderInitiator        : HHH000021: Bytecode provider name : bytebuddy
2023-10-13T15:51:34.821+09:00  INFO 18076 --- [restartedMain] o.h.e.t.j.p.i.JtaPlatformInitiator       : HHH000490: Using JtaPlatform implementation: [org.hibernate.engine.transaction.jta.platform.internal.NoJtaPlatform]
2023-10-13T15:51:34.821+09:00  INFO 18076 --- [restartedMain] j.LocalContainerEntityManagerFactoryBean : Initialized JPA EntityManagerFactory for persistence unit 'default'
2023-10-13T15:51:34.828+09:00  WARN 18076 --- [restartedMain] JpaBaseConfiguration$JpaWebConfiguration : spring.jpa.open-in-view is enabled by default. Therefore, database queries may be performed during view rendering. Explicitly configure spring.jpa.open-in-view to disable this warning
2023-10-13T15:51:34.843+09:00  INFO 18076 --- [restartedMain] o.s.b.a.w.s.WelcomePageHandlerMapping    : Adding welcome page template: index
2023-10-13T15:51:34.872+09:00  INFO 18076 --- [restartedMain] o.s.s.web.DefaultSecurityFilterChain     : Will secure any request with [org.springframework.security.web.session.DisableEncodeUrlFilter@6b0dd9ad, org.springframework.security.web.context.request.async.WebAsyncManagerIntegrationFilter@453ad3b5, org.springframework.security.web.context.SecurityContextHolderFilter@70820c12, org.springframework.security.web.header.HeaderWriterFilter@7dac08f9, org.springframework.security.web.csrf.CsrfFilter@b0d5dce, org.springframework.security.web.authentication.logout.LogoutFilter@5390d783, org.springframework.security.web.authentication.UsernamePasswordAuthenticationFilter@3ce88404, org.springframework.security.web.authentication.ui.DefaultLoginPageGeneratingFilter@24e28638, org.springframework.security.web.authentication.ui.DefaultLogoutPageGeneratingFilter@3d0ab7b2, org.springframework.security.web.authentication.www.BasicAuthenticationFilter@691170d5, org.springframework.security.web.savedrequest.RequestCacheAwareFilter@1100dce1, org.springframework.security.web.servletapi.SecurityContextHolderAwareRequestFilter@3994ba33, org.springframework.security.web.authentication.AnonymousAuthenticationFilter@5f7fef1e, org.springframework.security.web.access.ExceptionTranslationFilter@407d183a, org.springframework.security.web.access.intercept.AuthorizationFilter@7f2a2667]
2023-10-13T15:51:34.875+09:00  INFO 18076 --- [restartedMain] o.s.b.d.a.OptionalLiveReloadServer       : LiveReload server is running on port 35729
2023-10-13T15:51:34.880+09:00  INFO 18076 --- [restartedMain] o.s.b.w.embedded.tomcat.TomcatWebServer  : Tomcat started on port(s): 8080 (http) with context path ''
2023-10-13T15:51:34.882+09:00  INFO 18076 --- [restartedMain] co.kr.lotteon.LotteonApplication         : Started LotteonApplication in 0.216 seconds (process running for 169.723)
2023-10-13T15:51:34.883+09:00  INFO 18076 --- [restartedMain] .ConditionEvaluationDeltaLoggingListener : Condition evaluation unchanged
